logs will be printed here
refer documentation for more

2025-12-15 13:46:49.598 [main] INFO  n.e.journalapp.JournalApplication   ||| Starting JournalApplication using Java 1.8.0_452 on Tipu with PID 10793 (/home/tipu/Downloads/Development/SPRING RE-START/journalApp/target/classes started by tipu in /home/tipu/Downloads/Development/SPRING RE-START/journalApp)
2025-12-15 13:46:49.601 [main] INFO  n.e.journalapp.JournalApplication   ||| The following 1 profile is active: "dev"
2025-12-15 13:46:50.208 [main] INFO  r.c.RepositoryConfigurationDelegate ||| Bootstrapping Spring Data MongoDB repositories in DEFAULT mode.
2025-12-15 13:46:50.263 [main] INFO  r.c.RepositoryConfigurationDelegate ||| Finished Spring Data repository scanning in 50 ms. Found 2 MongoDB repository interfaces.
2025-12-15 13:46:50.723 [main] INFO  o.s.b.w.e.tomcat.TomcatWebServer    ||| Tomcat initialized with port(s): 8080 (http)
2025-12-15 13:46:50.732 [main] INFO  o.a.coyote.http11.Http11NioProtocol ||| Initializing ProtocolHandler ["http-nio-8080"]
2025-12-15 13:46:50.735 [main] INFO  o.a.catalina.core.StandardService   ||| Starting service [Tomcat]
2025-12-15 13:46:50.735 [main] INFO  o.a.catalina.core.StandardEngine    ||| Starting Servlet engine: [Apache Tomcat/9.0.80]
2025-12-15 13:46:50.813 [main] INFO  o.a.c.c.C.[Tomcat].[localhost].[/]  ||| Initializing Spring embedded WebApplicationContext
2025-12-15 13:46:50.814 [main] INFO  .ServletWebServerApplicationContext ||| Root WebApplicationContext: initialization completed in 1162 ms
2025-12-15 13:46:51.507 [main] INFO  org.mongodb.driver.client           ||| MongoClient with metadata {"driver": {"name": "mongo-java-driver|sync|spring-boot", "version": "4.6.1"}, "os": {"type": "Linux", "name": "Linux", "architecture": "amd64", "version": "6.14.0-37-generic"}, "platform": "Java/Amazon.com Inc./1.8.0_452-b09", "application": {"name": "Cluster0"}} created with settings MongoClientSettings{readPreference=primary, writeConcern=WriteConcern{w=null, wTimeout=null ms, journal=null}, retryWrites=true, retryReads=true, readConcern=ReadConcern{level=null}, credential=MongoCredential{mechanism=null, userName='user_persona', source='admin', password=<hidden>, mechanismProperties=<hidden>}, streamFactoryFactory=null, commandListeners=[], codecRegistry=ProvidersCodecRegistry{codecProviders=[ValueCodecProvider{}, BsonValueCodecProvider{}, DBRefCodecProvider{}, DBObjectCodecProvider{}, DocumentCodecProvider{}, IterableCodecProvider{}, MapCodecProvider{}, GeoJsonCodecProvider{}, GridFSFileCodecProvider{}, Jsr310CodecProvider{}, JsonObjectCodecProvider{}, BsonCodecProvider{}, EnumCodecProvider{}, com.mongodb.Jep395RecordCodecProvider@3659d7b1]}, clusterSettings={hosts=[127.0.0.1:27017], srvHost=cluster0.vxxgkxo.mongodb.net, srvServiceName=mongodb, mode=MULTIPLE, requiredClusterType=REPLICA_SET, requiredReplicaSetName='atlas-zxh6j7-shard-0', serverSelector='null', clusterListeners='[]', serverSelectionTimeout='30000 ms', localThreshold='30000 ms'}, socketSettings=SocketSettings{connectTimeoutMS=10000, readTimeoutMS=0, receiveBufferSize=0, sendBufferSize=0}, heartbeatSocketSettings=SocketSettings{connectTimeoutMS=10000, readTimeoutMS=10000, receiveBufferSize=0, sendBufferSize=0}, connectionPoolSettings=ConnectionPoolSettings{maxSize=100, minSize=0, maxWaitTimeMS=120000, maxConnectionLifeTimeMS=0, maxConnectionIdleTimeMS=0, maintenanceInitialDelayMS=0, maintenanceFrequencyMS=60000, connectionPoolListeners=[], maxConnecting=2}, serverSettings=ServerSettings{heartbeatFrequencyMS=10000, minHeartbeatFrequencyMS=500, serverListeners='[]', serverMonitorListeners='[]'}, sslSettings=SslSettings{enabled=true, invalidHostNameAllowed=false, context=null}, applicationName='Cluster0', compressorList=[], uuidRepresentation=JAVA_LEGACY, serverApi=null, autoEncryptionSettings=null, contextProvider=null}
2025-12-15 13:46:52.167 [main] INFO  .s.s.web.DefaultSecurityFilterChain ||| Will secure any request with [org.springframework.security.web.session.DisableEncodeUrlFilter@221a2068, org.springframework.security.web.context.request.async.WebAsyncManagerIntegrationFilter@338766de, org.springframework.security.web.context.SecurityContextPersistenceFilter@30b975ad, org.springframework.security.web.header.HeaderWriterFilter@1a3e8e24, org.springframework.security.web.authentication.logout.LogoutFilter@157ec23b, org.springframework.security.web.authentication.www.BasicAuthenticationFilter@5a49af50, org.springframework.security.web.savedrequest.RequestCacheAwareFilter@2a334bac, org.springframework.security.web.servletapi.SecurityContextHolderAwareRequestFilter@3e7b65d7, org.springframework.security.web.authentication.AnonymousAuthenticationFilter@3b7eac14, org.springframework.security.web.session.SessionManagementFilter@37ad042b, org.springframework.security.web.access.ExceptionTranslationFilter@3bed3315, org.springframework.security.web.access.intercept.FilterSecurityInterceptor@6a0f2853]
2025-12-15 13:46:52.522 [main] INFO  o.a.coyote.http11.Http11NioProtocol ||| Starting ProtocolHandler ["http-nio-8080"]
2025-12-15 13:46:52.535 [main] INFO  o.s.b.w.e.tomcat.TomcatWebServer    ||| Tomcat started on port(s): 8080 (http) with context path ''
2025-12-15 13:46:52.544 [main] INFO  n.e.journalapp.JournalApplication   ||| Started JournalApplication in 3.437 seconds (JVM running for 4.06)
2025-12-15 13:46:52.547 [main] INFO  n.e.journalapp.JournalApplication   ||| present environments :- [dev]
2025-12-15 13:46:52.750 [cluster-ClusterId{value='693fc3f3b53f1129dc837f66', description='null'}-srv-cluster0.vxxgkxo.mongodb.net] INFO  org.mongodb.driver.cluster          ||| Adding discovered server ac-mjvcql1-shard-00-01.vxxgkxo.mongodb.net:27017 to client view of cluster
2025-12-15 13:46:52.784 [cluster-ClusterId{value='693fc3f3b53f1129dc837f66', description='null'}-srv-cluster0.vxxgkxo.mongodb.net] INFO  org.mongodb.driver.cluster          ||| Adding discovered server ac-mjvcql1-shard-00-02.vxxgkxo.mongodb.net:27017 to client view of cluster
2025-12-15 13:46:52.785 [cluster-ClusterId{value='693fc3f3b53f1129dc837f66', description='null'}-srv-cluster0.vxxgkxo.mongodb.net] INFO  org.mongodb.driver.cluster          ||| Adding discovered server ac-mjvcql1-shard-00-00.vxxgkxo.mongodb.net:27017 to client view of cluster
2025-12-15 13:46:54.491 [cluster-ClusterId{value='693fc3f3b53f1129dc837f66', description='null'}-ac-mjvcql1-shard-00-00.vxxgkxo.mongodb.net:27017] INFO  org.mongodb.driver.cluster          ||| Exception in monitor thread while connecting to server ac-mjvcql1-shard-00-00.vxxgkxo.mongodb.net:27017
com.mongodb.MongoSocketWriteException: Exception sending message
	at com.mongodb.internal.connection.InternalStreamConnection.translateWriteException(InternalStreamConnection.java:684)
	at com.mongodb.internal.connection.InternalStreamConnection.sendMessage(InternalStreamConnection.java:555)
	at com.mongodb.internal.connection.InternalStreamConnection.sendCommandMessage(InternalStreamConnection.java:381)
	at com.mongodb.internal.connection.InternalStreamConnection.sendAndReceive(InternalStreamConnection.java:329)
	at com.mongodb.internal.connection.CommandHelper.sendAndReceive(CommandHelper.java:101)
	at com.mongodb.internal.connection.CommandHelper.executeCommand(CommandHelper.java:45)
	at com.mongodb.internal.connection.InternalStreamConnectionInitializer.initializeConnectionDescription(InternalStreamConnectionInitializer.java:131)
	at com.mongodb.internal.connection.InternalStreamConnectionInitializer.startHandshake(InternalStreamConnectionInitializer.java:73)
	at com.mongodb.internal.connection.InternalStreamConnection.open(InternalStreamConnection.java:182)
	at com.mongodb.internal.connection.DefaultServerMonitor$ServerMonitorRunnable.lookupServerDescription(DefaultServerMonitor.java:193)
	at com.mongodb.internal.connection.DefaultServerMonitor$ServerMonitorRunnable.run(DefaultServerMonitor.java:157)
	at java.lang.Thread.run(Thread.java:750)
Caused by: javax.net.ssl.SSLException: Received fatal alert: internal_error
	at sun.security.ssl.Alert.createSSLException(Alert.java:133)
	at sun.security.ssl.Alert.createSSLException(Alert.java:117)
	at sun.security.ssl.TransportContext.fatal(TransportContext.java:318)
	at sun.security.ssl.Alert$AlertConsumer.consume(Alert.java:293)
	at sun.security.ssl.TransportContext.dispatch(TransportContext.java:185)
	at sun.security.ssl.SSLTransport.decode(SSLTransport.java:152)
	at sun.security.ssl.SSLSocketImpl.decode(SSLSocketImpl.java:1401)
	at sun.security.ssl.SSLSocketImpl.readHandshakeRecord(SSLSocketImpl.java:1309)
	at sun.security.ssl.SSLSocketImpl.startHandshake(SSLSocketImpl.java:440)
	at sun.security.ssl.SSLSocketImpl.ensureNegotiated(SSLSocketImpl.java:822)
	at sun.security.ssl.SSLSocketImpl.access$200(SSLSocketImpl.java:73)
	at sun.security.ssl.SSLSocketImpl$AppOutputStream.write(SSLSocketImpl.java:1184)
	at com.mongodb.internal.connection.SocketStream.write(SocketStream.java:99)
	at com.mongodb.internal.connection.InternalStreamConnection.sendMessage(InternalStreamConnection.java:552)
	... 10 common frames omitted
2025-12-15 13:46:54.491 [cluster-ClusterId{value='693fc3f3b53f1129dc837f66', description='null'}-ac-mjvcql1-shard-00-01.vxxgkxo.mongodb.net:27017] INFO  org.mongodb.driver.cluster          ||| Exception in monitor thread while connecting to server ac-mjvcql1-shard-00-01.vxxgkxo.mongodb.net:27017
com.mongodb.MongoSocketWriteException: Exception sending message
	at com.mongodb.internal.connection.InternalStreamConnection.translateWriteException(InternalStreamConnection.java:684)
	at com.mongodb.internal.connection.InternalStreamConnection.sendMessage(InternalStreamConnection.java:555)
	at com.mongodb.internal.connection.InternalStreamConnection.sendCommandMessage(InternalStreamConnection.java:381)
	at com.mongodb.internal.connection.InternalStreamConnection.sendAndReceive(InternalStreamConnection.java:329)
	at com.mongodb.internal.connection.CommandHelper.sendAndReceive(CommandHelper.java:101)
	at com.mongodb.internal.connection.CommandHelper.executeCommand(CommandHelper.java:45)
	at com.mongodb.internal.connection.InternalStreamConnectionInitializer.initializeConnectionDescription(InternalStreamConnectionInitializer.java:131)
	at com.mongodb.internal.connection.InternalStreamConnectionInitializer.startHandshake(InternalStreamConnectionInitializer.java:73)
	at com.mongodb.internal.connection.InternalStreamConnection.open(InternalStreamConnection.java:182)
	at com.mongodb.internal.connection.DefaultServerMonitor$ServerMonitorRunnable.lookupServerDescription(DefaultServerMonitor.java:193)
	at com.mongodb.internal.connection.DefaultServerMonitor$ServerMonitorRunnable.run(DefaultServerMonitor.java:157)
	at java.lang.Thread.run(Thread.java:750)
Caused by: javax.net.ssl.SSLException: Received fatal alert: internal_error
	at sun.security.ssl.Alert.createSSLException(Alert.java:133)
	at sun.security.ssl.Alert.createSSLException(Alert.java:117)
	at sun.security.ssl.TransportContext.fatal(TransportContext.java:318)
	at sun.security.ssl.Alert$AlertConsumer.consume(Alert.java:293)
	at sun.security.ssl.TransportContext.dispatch(TransportContext.java:185)
	at sun.security.ssl.SSLTransport.decode(SSLTransport.java:152)
	at sun.security.ssl.SSLSocketImpl.decode(SSLSocketImpl.java:1401)
	at sun.security.ssl.SSLSocketImpl.readHandshakeRecord(SSLSocketImpl.java:1309)
	at sun.security.ssl.SSLSocketImpl.startHandshake(SSLSocketImpl.java:440)
	at sun.security.ssl.SSLSocketImpl.ensureNegotiated(SSLSocketImpl.java:822)
	at sun.security.ssl.SSLSocketImpl.access$200(SSLSocketImpl.java:73)
	at sun.security.ssl.SSLSocketImpl$AppOutputStream.write(SSLSocketImpl.java:1184)
	at com.mongodb.internal.connection.SocketStream.write(SocketStream.java:99)
	at com.mongodb.internal.connection.InternalStreamConnection.sendMessage(InternalStreamConnection.java:552)
	... 10 common frames omitted
2025-12-15 13:46:55.115 [cluster-rtt-ClusterId{value='693fc3f3b53f1129dc837f66', description='null'}-ac-mjvcql1-shard-00-00.vxxgkxo.mongodb.net:27017] INFO  org.mongodb.driver.connection       ||| Opened connection [connectionId{localValue:4, serverValue:247989}] to ac-mjvcql1-shard-00-00.vxxgkxo.mongodb.net:27017
2025-12-15 13:46:55.115 [cluster-ClusterId{value='693fc3f3b53f1129dc837f66', description='null'}-ac-mjvcql1-shard-00-02.vxxgkxo.mongodb.net:27017] INFO  org.mongodb.driver.connection       ||| Opened connection [connectionId{localValue:1, serverValue:261951}] to ac-mjvcql1-shard-00-02.vxxgkxo.mongodb.net:27017
2025-12-15 13:46:55.117 [cluster-ClusterId{value='693fc3f3b53f1129dc837f66', description='null'}-ac-mjvcql1-shard-00-02.vxxgkxo.mongodb.net:27017] INFO  org.mongodb.driver.cluster          ||| Monitor thread successfully connected to server with description ServerDescription{address=ac-mjvcql1-shard-00-02.vxxgkxo.mongodb.net:27017, type=REPLICA_SET_PRIMARY, state=CONNECTED, ok=true, minWireVersion=0, maxWireVersion=25, maxDocumentSize=16777216, logicalSessionTimeoutMinutes=30, roundTripTimeNanos=1288523308, setName='atlas-zxh6j7-shard-0', canonicalAddress=ac-mjvcql1-shard-00-02.vxxgkxo.mongodb.net:27017, hosts=[ac-mjvcql1-shard-00-00.vxxgkxo.mongodb.net:27017, ac-mjvcql1-shard-00-01.vxxgkxo.mongodb.net:27017, ac-mjvcql1-shard-00-02.vxxgkxo.mongodb.net:27017], passives=[], arbiters=[], primary='ac-mjvcql1-shard-00-02.vxxgkxo.mongodb.net:27017', tagSet=TagSet{[Tag{name='diskState', value='READY'}, Tag{name='nodeType', value='ELECTABLE'}, Tag{name='provider', value='AZURE'}, Tag{name='region', value='INDIA_CENTRAL'}, Tag{name='workloadType', value='OPERATIONAL'}]}, electionId=7fffffff00000000000000b5, setVersion=50, topologyVersion=TopologyVersion{processId=692f5b007233bf6c5d74bf77, counter=6}, lastWriteDate=Mon Dec 15 13:46:51 IST 2025, lastUpdateTimeNanos=1361420792552}
2025-12-15 13:46:55.120 [cluster-ClusterId{value='693fc3f3b53f1129dc837f66', description='null'}-ac-mjvcql1-shard-00-02.vxxgkxo.mongodb.net:27017] INFO  org.mongodb.driver.cluster          ||| Setting max election id to 7fffffff00000000000000b5 from replica set primary ac-mjvcql1-shard-00-02.vxxgkxo.mongodb.net:27017
2025-12-15 13:46:55.121 [cluster-ClusterId{value='693fc3f3b53f1129dc837f66', description='null'}-ac-mjvcql1-shard-00-02.vxxgkxo.mongodb.net:27017] INFO  org.mongodb.driver.cluster          ||| Setting max set version to 50 from replica set primary ac-mjvcql1-shard-00-02.vxxgkxo.mongodb.net:27017
2025-12-15 13:46:55.121 [cluster-ClusterId{value='693fc3f3b53f1129dc837f66', description='null'}-ac-mjvcql1-shard-00-02.vxxgkxo.mongodb.net:27017] INFO  org.mongodb.driver.cluster          ||| Discovered replica set primary ac-mjvcql1-shard-00-02.vxxgkxo.mongodb.net:27017
2025-12-15 14:01:52.157 [main] INFO  n.e.journalapp.JournalApplication   ||| Starting JournalApplication using Java 1.8.0_452 on Tipu with PID 15779 (/home/tipu/Downloads/Development/SPRING RE-START/journalApp/target/classes started by tipu in /home/tipu/Downloads/Development/SPRING RE-START/journalApp)
2025-12-15 14:01:52.160 [main] INFO  n.e.journalapp.JournalApplication   ||| The following 1 profile is active: "dev"
2025-12-15 14:01:52.752 [main] INFO  r.c.RepositoryConfigurationDelegate ||| Bootstrapping Spring Data MongoDB repositories in DEFAULT mode.
2025-12-15 14:01:52.811 [main] INFO  r.c.RepositoryConfigurationDelegate ||| Finished Spring Data repository scanning in 52 ms. Found 2 MongoDB repository interfaces.
2025-12-15 14:01:53.333 [main] INFO  o.s.b.w.e.tomcat.TomcatWebServer    ||| Tomcat initialized with port(s): 8080 (http)
2025-12-15 14:01:53.342 [main] INFO  o.a.coyote.http11.Http11NioProtocol ||| Initializing ProtocolHandler ["http-nio-8080"]
2025-12-15 14:01:53.343 [main] INFO  o.a.catalina.core.StandardService   ||| Starting service [Tomcat]
2025-12-15 14:01:53.344 [main] INFO  o.a.catalina.core.StandardEngine    ||| Starting Servlet engine: [Apache Tomcat/9.0.80]
2025-12-15 14:01:53.468 [main] INFO  o.a.c.c.C.[Tomcat].[localhost].[/]  ||| Initializing Spring embedded WebApplicationContext
2025-12-15 14:01:53.469 [main] INFO  .ServletWebServerApplicationContext ||| Root WebApplicationContext: initialization completed in 1242 ms
2025-12-15 14:01:54.204 [main] INFO  org.mongodb.driver.client           ||| MongoClient with metadata {"driver": {"name": "mongo-java-driver|sync|spring-boot", "version": "4.6.1"}, "os": {"type": "Linux", "name": "Linux", "architecture": "amd64", "version": "6.14.0-37-generic"}, "platform": "Java/Amazon.com Inc./1.8.0_452-b09", "application": {"name": "Cluster0"}} created with settings MongoClientSettings{readPreference=primary, writeConcern=WriteConcern{w=null, wTimeout=null ms, journal=null}, retryWrites=true, retryReads=true, readConcern=ReadConcern{level=null}, credential=MongoCredential{mechanism=null, userName='user_persona', source='admin', password=<hidden>, mechanismProperties=<hidden>}, streamFactoryFactory=null, commandListeners=[], codecRegistry=ProvidersCodecRegistry{codecProviders=[ValueCodecProvider{}, BsonValueCodecProvider{}, DBRefCodecProvider{}, DBObjectCodecProvider{}, DocumentCodecProvider{}, IterableCodecProvider{}, MapCodecProvider{}, GeoJsonCodecProvider{}, GridFSFileCodecProvider{}, Jsr310CodecProvider{}, JsonObjectCodecProvider{}, BsonCodecProvider{}, EnumCodecProvider{}, com.mongodb.Jep395RecordCodecProvider@68f32020]}, clusterSettings={hosts=[127.0.0.1:27017], srvHost=cluster0.vxxgkxo.mongodb.net, srvServiceName=mongodb, mode=MULTIPLE, requiredClusterType=REPLICA_SET, requiredReplicaSetName='atlas-zxh6j7-shard-0', serverSelector='null', clusterListeners='[]', serverSelectionTimeout='30000 ms', localThreshold='30000 ms'}, socketSettings=SocketSettings{connectTimeoutMS=10000, readTimeoutMS=0, receiveBufferSize=0, sendBufferSize=0}, heartbeatSocketSettings=SocketSettings{connectTimeoutMS=10000, readTimeoutMS=10000, receiveBufferSize=0, sendBufferSize=0}, connectionPoolSettings=ConnectionPoolSettings{maxSize=100, minSize=0, maxWaitTimeMS=120000, maxConnectionLifeTimeMS=0, maxConnectionIdleTimeMS=0, maintenanceInitialDelayMS=0, maintenanceFrequencyMS=60000, connectionPoolListeners=[], maxConnecting=2}, serverSettings=ServerSettings{heartbeatFrequencyMS=10000, minHeartbeatFrequencyMS=500, serverListeners='[]', serverMonitorListeners='[]'}, sslSettings=SslSettings{enabled=true, invalidHostNameAllowed=false, context=null}, applicationName='Cluster0', compressorList=[], uuidRepresentation=JAVA_LEGACY, serverApi=null, autoEncryptionSettings=null, contextProvider=null}
2025-12-15 14:01:54.619 [cluster-ClusterId{value='693fc77a1539f127206ee57a', description='null'}-srv-cluster0.vxxgkxo.mongodb.net] INFO  org.mongodb.driver.cluster          ||| Adding discovered server ac-mjvcql1-shard-00-01.vxxgkxo.mongodb.net:27017 to client view of cluster
2025-12-15 14:01:54.651 [cluster-ClusterId{value='693fc77a1539f127206ee57a', description='null'}-srv-cluster0.vxxgkxo.mongodb.net] INFO  org.mongodb.driver.cluster          ||| Adding discovered server ac-mjvcql1-shard-00-02.vxxgkxo.mongodb.net:27017 to client view of cluster
2025-12-15 14:01:54.652 [cluster-ClusterId{value='693fc77a1539f127206ee57a', description='null'}-srv-cluster0.vxxgkxo.mongodb.net] INFO  org.mongodb.driver.cluster          ||| Adding discovered server ac-mjvcql1-shard-00-00.vxxgkxo.mongodb.net:27017 to client view of cluster
2025-12-15 14:01:54.874 [main] INFO  .s.s.web.DefaultSecurityFilterChain ||| Will secure any request with [org.springframework.security.web.session.DisableEncodeUrlFilter@34d45ec0, org.springframework.security.web.context.request.async.WebAsyncManagerIntegrationFilter@18137eab, org.springframework.security.web.context.SecurityContextPersistenceFilter@4483d35, org.springframework.security.web.header.HeaderWriterFilter@1e1b061, org.springframework.security.web.authentication.logout.LogoutFilter@42aae04d, org.springframework.security.web.authentication.www.BasicAuthenticationFilter@4db60246, org.springframework.security.web.savedrequest.RequestCacheAwareFilter@4b4ee511, org.springframework.security.web.servletapi.SecurityContextHolderAwareRequestFilter@1391af3b, org.springframework.security.web.authentication.AnonymousAuthenticationFilter@727320fa, org.springframework.security.web.session.SessionManagementFilter@23a918c7, org.springframework.security.web.access.ExceptionTranslationFilter@3a790e40, org.springframework.security.web.access.intercept.FilterSecurityInterceptor@97a145b]
2025-12-15 14:01:55.216 [main] INFO  o.a.coyote.http11.Http11NioProtocol ||| Starting ProtocolHandler ["http-nio-8080"]
2025-12-15 14:01:55.234 [main] INFO  o.s.b.w.e.tomcat.TomcatWebServer    ||| Tomcat started on port(s): 8080 (http) with context path ''
2025-12-15 14:01:55.242 [main] INFO  n.e.journalapp.JournalApplication   ||| Started JournalApplication in 3.657 seconds (JVM running for 4.302)
2025-12-15 14:01:55.245 [main] INFO  n.e.journalapp.JournalApplication   ||| present environments :- [dev]
2025-12-15 14:01:56.054 [cluster-ClusterId{value='693fc77a1539f127206ee57a', description='null'}-ac-mjvcql1-shard-00-01.vxxgkxo.mongodb.net:27017] INFO  org.mongodb.driver.cluster          ||| Exception in monitor thread while connecting to server ac-mjvcql1-shard-00-01.vxxgkxo.mongodb.net:27017
com.mongodb.MongoSocketWriteException: Exception sending message
	at com.mongodb.internal.connection.InternalStreamConnection.translateWriteException(InternalStreamConnection.java:684)
	at com.mongodb.internal.connection.InternalStreamConnection.sendMessage(InternalStreamConnection.java:555)
	at com.mongodb.internal.connection.InternalStreamConnection.sendCommandMessage(InternalStreamConnection.java:381)
	at com.mongodb.internal.connection.InternalStreamConnection.sendAndReceive(InternalStreamConnection.java:329)
	at com.mongodb.internal.connection.CommandHelper.sendAndReceive(CommandHelper.java:101)
	at com.mongodb.internal.connection.CommandHelper.executeCommand(CommandHelper.java:45)
	at com.mongodb.internal.connection.InternalStreamConnectionInitializer.initializeConnectionDescription(InternalStreamConnectionInitializer.java:131)
	at com.mongodb.internal.connection.InternalStreamConnectionInitializer.startHandshake(InternalStreamConnectionInitializer.java:73)
	at com.mongodb.internal.connection.InternalStreamConnection.open(InternalStreamConnection.java:182)
	at com.mongodb.internal.connection.DefaultServerMonitor$ServerMonitorRunnable.lookupServerDescription(DefaultServerMonitor.java:193)
	at com.mongodb.internal.connection.DefaultServerMonitor$ServerMonitorRunnable.run(DefaultServerMonitor.java:157)
	at java.lang.Thread.run(Thread.java:750)
Caused by: javax.net.ssl.SSLException: Received fatal alert: internal_error
	at sun.security.ssl.Alert.createSSLException(Alert.java:133)
	at sun.security.ssl.Alert.createSSLException(Alert.java:117)
	at sun.security.ssl.TransportContext.fatal(TransportContext.java:318)
	at sun.security.ssl.Alert$AlertConsumer.consume(Alert.java:293)
	at sun.security.ssl.TransportContext.dispatch(TransportContext.java:185)
	at sun.security.ssl.SSLTransport.decode(SSLTransport.java:152)
	at sun.security.ssl.SSLSocketImpl.decode(SSLSocketImpl.java:1401)
	at sun.security.ssl.SSLSocketImpl.readHandshakeRecord(SSLSocketImpl.java:1309)
	at sun.security.ssl.SSLSocketImpl.startHandshake(SSLSocketImpl.java:440)
	at sun.security.ssl.SSLSocketImpl.ensureNegotiated(SSLSocketImpl.java:822)
	at sun.security.ssl.SSLSocketImpl.access$200(SSLSocketImpl.java:73)
	at sun.security.ssl.SSLSocketImpl$AppOutputStream.write(SSLSocketImpl.java:1184)
	at com.mongodb.internal.connection.SocketStream.write(SocketStream.java:99)
	at com.mongodb.internal.connection.InternalStreamConnection.sendMessage(InternalStreamConnection.java:552)
	... 10 common frames omitted
2025-12-15 14:01:56.054 [cluster-ClusterId{value='693fc77a1539f127206ee57a', description='null'}-ac-mjvcql1-shard-00-02.vxxgkxo.mongodb.net:27017] INFO  org.mongodb.driver.cluster          ||| Exception in monitor thread while connecting to server ac-mjvcql1-shard-00-02.vxxgkxo.mongodb.net:27017
com.mongodb.MongoSocketWriteException: Exception sending message
	at com.mongodb.internal.connection.InternalStreamConnection.translateWriteException(InternalStreamConnection.java:684)
	at com.mongodb.internal.connection.InternalStreamConnection.sendMessage(InternalStreamConnection.java:555)
	at com.mongodb.internal.connection.InternalStreamConnection.sendCommandMessage(InternalStreamConnection.java:381)
	at com.mongodb.internal.connection.InternalStreamConnection.sendAndReceive(InternalStreamConnection.java:329)
	at com.mongodb.internal.connection.CommandHelper.sendAndReceive(CommandHelper.java:101)
	at com.mongodb.internal.connection.CommandHelper.executeCommand(CommandHelper.java:45)
	at com.mongodb.internal.connection.InternalStreamConnectionInitializer.initializeConnectionDescription(InternalStreamConnectionInitializer.java:131)
	at com.mongodb.internal.connection.InternalStreamConnectionInitializer.startHandshake(InternalStreamConnectionInitializer.java:73)
	at com.mongodb.internal.connection.InternalStreamConnection.open(InternalStreamConnection.java:182)
	at com.mongodb.internal.connection.DefaultServerMonitor$ServerMonitorRunnable.lookupServerDescription(DefaultServerMonitor.java:193)
	at com.mongodb.internal.connection.DefaultServerMonitor$ServerMonitorRunnable.run(DefaultServerMonitor.java:157)
	at java.lang.Thread.run(Thread.java:750)
Caused by: javax.net.ssl.SSLException: Received fatal alert: internal_error
	at sun.security.ssl.Alert.createSSLException(Alert.java:133)
	at sun.security.ssl.Alert.createSSLException(Alert.java:117)
	at sun.security.ssl.TransportContext.fatal(TransportContext.java:318)
	at sun.security.ssl.Alert$AlertConsumer.consume(Alert.java:293)
	at sun.security.ssl.TransportContext.dispatch(TransportContext.java:185)
	at sun.security.ssl.SSLTransport.decode(SSLTransport.java:152)
	at sun.security.ssl.SSLSocketImpl.decode(SSLSocketImpl.java:1401)
	at sun.security.ssl.SSLSocketImpl.readHandshakeRecord(SSLSocketImpl.java:1309)
	at sun.security.ssl.SSLSocketImpl.startHandshake(SSLSocketImpl.java:440)
	at sun.security.ssl.SSLSocketImpl.ensureNegotiated(SSLSocketImpl.java:822)
	at sun.security.ssl.SSLSocketImpl.access$200(SSLSocketImpl.java:73)
	at sun.security.ssl.SSLSocketImpl$AppOutputStream.write(SSLSocketImpl.java:1184)
	at com.mongodb.internal.connection.SocketStream.write(SocketStream.java:99)
	at com.mongodb.internal.connection.InternalStreamConnection.sendMessage(InternalStreamConnection.java:552)
	... 10 common frames omitted
2025-12-15 14:01:56.313 [cluster-rtt-ClusterId{value='693fc77a1539f127206ee57a', description='null'}-ac-mjvcql1-shard-00-00.vxxgkxo.mongodb.net:27017] INFO  org.mongodb.driver.connection       ||| Opened connection [connectionId{localValue:6, serverValue:248176}] to ac-mjvcql1-shard-00-00.vxxgkxo.mongodb.net:27017
2025-12-15 14:01:56.313 [cluster-ClusterId{value='693fc77a1539f127206ee57a', description='null'}-ac-mjvcql1-shard-00-00.vxxgkxo.mongodb.net:27017] INFO  org.mongodb.driver.connection       ||| Opened connection [connectionId{localValue:3, serverValue:248176}] to ac-mjvcql1-shard-00-00.vxxgkxo.mongodb.net:27017
2025-12-15 14:01:56.314 [cluster-ClusterId{value='693fc77a1539f127206ee57a', description='null'}-ac-mjvcql1-shard-00-00.vxxgkxo.mongodb.net:27017] INFO  org.mongodb.driver.cluster          ||| Monitor thread successfully connected to server with description ServerDescription{address=ac-mjvcql1-shard-00-00.vxxgkxo.mongodb.net:27017, type=REPLICA_SET_SECONDARY, state=CONNECTED, ok=true, minWireVersion=0, maxWireVersion=25, maxDocumentSize=16777216, logicalSessionTimeoutMinutes=30, roundTripTimeNanos=706243707, setName='atlas-zxh6j7-shard-0', canonicalAddress=ac-mjvcql1-shard-00-00.vxxgkxo.mongodb.net:27017, hosts=[ac-mjvcql1-shard-00-00.vxxgkxo.mongodb.net:27017, ac-mjvcql1-shard-00-01.vxxgkxo.mongodb.net:27017, ac-mjvcql1-shard-00-02.vxxgkxo.mongodb.net:27017], passives=[], arbiters=[], primary='ac-mjvcql1-shard-00-02.vxxgkxo.mongodb.net:27017', tagSet=TagSet{[Tag{name='diskState', value='READY'}, Tag{name='nodeType', value='ELECTABLE'}, Tag{name='provider', value='AZURE'}, Tag{name='region', value='INDIA_CENTRAL'}, Tag{name='workloadType', value='OPERATIONAL'}]}, electionId=null, setVersion=50, topologyVersion=TopologyVersion{processId=692f57ad2e78042a62d4ae09, counter=4}, lastWriteDate=Mon Dec 15 14:01:55 IST 2025, lastUpdateTimeNanos=2262619458112}
2025-12-15 14:02:06.760 [cluster-ClusterId{value='693fc77a1539f127206ee57a', description='null'}-ac-mjvcql1-shard-00-02.vxxgkxo.mongodb.net:27017] INFO  org.mongodb.driver.connection       ||| Opened connection [connectionId{localValue:10, serverValue:262127}] to ac-mjvcql1-shard-00-02.vxxgkxo.mongodb.net:27017
2025-12-15 14:02:06.760 [cluster-ClusterId{value='693fc77a1539f127206ee57a', description='null'}-ac-mjvcql1-shard-00-02.vxxgkxo.mongodb.net:27017] INFO  org.mongodb.driver.cluster          ||| Monitor thread successfully connected to server with description ServerDescription{address=ac-mjvcql1-shard-00-02.vxxgkxo.mongodb.net:27017, type=REPLICA_SET_PRIMARY, state=CONNECTED, ok=true, minWireVersion=0, maxWireVersion=25, maxDocumentSize=16777216, logicalSessionTimeoutMinutes=30, roundTripTimeNanos=253484610, setName='atlas-zxh6j7-shard-0', canonicalAddress=ac-mjvcql1-shard-00-02.vxxgkxo.mongodb.net:27017, hosts=[ac-mjvcql1-shard-00-00.vxxgkxo.mongodb.net:27017, ac-mjvcql1-shard-00-01.vxxgkxo.mongodb.net:27017, ac-mjvcql1-shard-00-02.vxxgkxo.mongodb.net:27017], passives=[], arbiters=[], primary='ac-mjvcql1-shard-00-02.vxxgkxo.mongodb.net:27017', tagSet=TagSet{[Tag{name='diskState', value='READY'}, Tag{name='nodeType', value='ELECTABLE'}, Tag{name='provider', value='AZURE'}, Tag{name='region', value='INDIA_CENTRAL'}, Tag{name='workloadType', value='OPERATIONAL'}]}, electionId=7fffffff00000000000000b5, setVersion=50, topologyVersion=TopologyVersion{processId=692f5b007233bf6c5d74bf77, counter=6}, lastWriteDate=Mon Dec 15 14:02:05 IST 2025, lastUpdateTimeNanos=2273068220541}
2025-12-15 14:02:06.761 [cluster-ClusterId{value='693fc77a1539f127206ee57a', description='null'}-ac-mjvcql1-shard-00-02.vxxgkxo.mongodb.net:27017] INFO  org.mongodb.driver.cluster          ||| Setting max election id to 7fffffff00000000000000b5 from replica set primary ac-mjvcql1-shard-00-02.vxxgkxo.mongodb.net:27017
2025-12-15 14:02:06.761 [cluster-ClusterId{value='693fc77a1539f127206ee57a', description='null'}-ac-mjvcql1-shard-00-02.vxxgkxo.mongodb.net:27017] INFO  org.mongodb.driver.cluster          ||| Setting max set version to 50 from replica set primary ac-mjvcql1-shard-00-02.vxxgkxo.mongodb.net:27017
2025-12-15 14:02:06.762 [cluster-ClusterId{value='693fc77a1539f127206ee57a', description='null'}-ac-mjvcql1-shard-00-02.vxxgkxo.mongodb.net:27017] INFO  org.mongodb.driver.cluster          ||| Discovered replica set primary ac-mjvcql1-shard-00-02.vxxgkxo.mongodb.net:27017
2025-12-15 14:02:18.097 [cluster-rtt-ClusterId{value='693fc77a1539f127206ee57a', description='null'}-ac-mjvcql1-shard-00-01.vxxgkxo.mongodb.net:27017] INFO  org.mongodb.driver.connection       ||| Opened connection [connectionId{localValue:12, serverValue:241627}] to ac-mjvcql1-shard-00-01.vxxgkxo.mongodb.net:27017
2025-12-15 14:02:28.081 [cluster-rtt-ClusterId{value='693fc77a1539f127206ee57a', description='null'}-ac-mjvcql1-shard-00-02.vxxgkxo.mongodb.net:27017] INFO  org.mongodb.driver.connection       ||| Opened connection [connectionId{localValue:15, serverValue:262172}] to ac-mjvcql1-shard-00-02.vxxgkxo.mongodb.net:27017
